<?xml version="1.0" encoding="UTF-8"?>
<testsuite xmlns:xsi="http://www.w3.org/2001/XMLSchema-instance" xsi:noNamespaceSchemaLocation="https://maven.apache.org/surefire/maven-surefire-plugin/xsd/surefire-test-report.xsd" name="End to End Tests for Book Store" time="4.172" tests="1" errors="0" skipped="0" failures="1">
  <properties>
[...]
</properties>
  <testcase name="the Authorized user can Add and Remove a book." classname="End to End Tests for Book Store" time="4.172">
    <failure message="expected:&lt;201&gt; but was:&lt;401&gt;" type="java.lang.AssertionError"><![CDATA[java.lang.AssertionError: expected:<201> but was:<401>
]]></failure>
    <system-out><![CDATA[Feature: End to End Tests for Book Store

  Background: User generates token for Authorisation &amp#27;[90m# src/test/resources/E2EApiTest.feature:9&amp#27;[0m
    &amp#27;[32mGiven &amp#27;[0m&amp#27;[32mI am an authorized user&amp#27;[0m                    &amp#27;[90m# com.apitesting.steps.Steps.i_am_an_authorized_user() in file:/C:/api-cucumber-project/target/test-classes/&amp#27;[0m

  Scenario: the Authorized user can Add and Remove a book. &amp#27;[90m# src/test/resources/E2EApiTest.feature:12&amp#27;[0m
    &amp#27;[32mGiven &amp#27;[0m&amp#27;[32mA list of books are available&amp#27;[0m                    &amp#27;[90m# com.apitesting.steps.Steps.a_list_of_books_are_available() in file:/C:/api-cucumber-project/target/test-classes/&amp#27;[0m
    &amp#27;[32mWhen &amp#27;[0m&amp#27;[32mI add a book to my reading list&amp#27;[0m                   &amp#27;[90m# com.apitesting.steps.Steps.i_add_a_book_to_my_reading_list() in file:/C:/api-cucumber-project/target/test-classes/&amp#27;[0m
    &amp#27;[31mThen &amp#27;[0m&amp#27;[31mthe book is added&amp#27;[0m                                 &amp#27;[90m# com.apitesting.steps.Steps.the_book_is_added() in file:/C:/api-cucumber-project/target/test-classes/&amp#27;[0m
      &amp#27;[31mjava.lang.AssertionError: expected:<201> but was:<401>
	at org.junit.Assert.fail(Assert.java:88)
	at org.junit.Assert.failNotEquals(Assert.java:834)
	at org.junit.Assert.assertEquals(Assert.java:645)
	at org.junit.Assert.assertEquals(Assert.java:631)
	at com.apitesting.steps.Steps.the_book_is_added(Steps.java:75)
	at ?.the book is added(///C:/api-cucumber-project/src/test/resources/E2EApiTest.feature:15)
&amp#27;[0m
    &amp#27;[36mAnd &amp#27;[0m&amp#27;[36mI update the book from my reading list&amp#27;[0m             &amp#27;[90m# com.apitesting.steps.Steps.i_update_the_book_from_my_reading_list() in file:/C:/api-cucumber-project/target/test-classes/&amp#27;[0m
    &amp#27;[36mAnd &amp#27;[0m&amp#27;[36mthe book is updated&amp#27;[0m                                &amp#27;[90m# com.apitesting.steps.Steps.the_book_is_updated() in file:/C:/api-cucumber-project/target/test-classes/&amp#27;[0m
    &amp#27;[36mWhen &amp#27;[0m&amp#27;[36mI remove a book from my reading list&amp#27;[0m              &amp#27;[90m# com.apitesting.steps.Steps.i_remove_a_book_from_my_reading_list() in file:/C:/api-cucumber-project/target/test-classes/&amp#27;[0m
    &amp#27;[36mThen &amp#27;[0m&amp#27;[36mthe book is removed&amp#27;[0m                               &amp#27;[90m# com.apitesting.steps.Steps.the_book_is_removed() in file:/C:/api-cucumber-project/target/test-classes/&amp#27;[0m

&amp#27;[31mFailed scenarios:&amp#27;[0m
&amp#27;[31m///C:/api-cucumber-project/src/test/resources/E2EApiTest.feature:12 &amp#27;[0m# the Authorized user can Add and Remove a book.

1 Scenarios (&amp#27;[31m1 failed&amp#27;[0m)
8 Steps (&amp#27;[31m1 failed&amp#27;[0m, &amp#27;[36m4 skipped&amp#27;[0m, &amp#27;[32m3 passed&amp#27;[0m)
0m4.175s


java.lang.AssertionError: expected:<201> but was:<401>
	at org.junit.Assert.fail(Assert.java:88)
	at org.junit.Assert.failNotEquals(Assert.java:834)
	at org.junit.Assert.assertEquals(Assert.java:645)
	at org.junit.Assert.assertEquals(Assert.java:631)
	at com.apitesting.steps.Steps.the_book_is_added(Steps.java:75)
	at ?.the book is added(///C:/api-cucumber-project/src/test/resources/E2EApiTest.feature:15)


]]></system-out>
  </testcase>
</testsuite>